#
# There is insufficient memory for the Java Runtime Environment to continue.
# Native memory allocation (mmap) failed to map 134217728 bytes for G1 virtual space
# Possible reasons:
#   The system is out of physical RAM or swap space
#   The process is running with CompressedOops enabled, and the Java Heap may be blocking the growth of the native heap
# Possible solutions:
#   Reduce memory load on the system
#   Increase physical memory or swap space
#   Check if swap backing store is full
#   Decrease Java heap size (-Xmx/-Xms)
#   Decrease number of Java threads
#   Decrease Java thread stack sizes (-Xss)
#   Set larger code cache with -XX:ReservedCodeCacheSize=
#   JVM is running with Unscaled Compressed Oops mode in which the Java heap is
#     placed in the first 4GB address space. The Java Heap base address is the
#     maximum limit for the native heap growth. Please use -XX:HeapBaseMinAddress
#     to set the Java Heap base and to place the Java Heap above 4GB virtual address.
# This output file may be truncated or incomplete.
#
#  Out of Memory Error (os_windows.cpp:3466), pid=17792, tid=10324
#
# JRE version:  (16.0.2+7) (build )
# Java VM: OpenJDK 64-Bit Server VM (16.0.2+7, mixed mode, sharing, tiered, compressed oops, compressed class ptrs, g1 gc, windows-amd64)
# No core dump will be written. Minidumps are not enabled by default on client versions of Windows
#

---------------  S U M M A R Y ------------

Command Line: -Dmaven.multiModuleProjectDirectory=C:\Users\celi_\Documents\EjerciciosBack\Clase18S-PacientesDomicilioMaven -Dmaven.home=C:\Program Files\JetBrains\IntelliJ IDEA Community Edition 2021.2.3\plugins\maven\lib\maven3 -Dclassworlds.conf=C:\Program Files\JetBrains\IntelliJ IDEA Community Edition 2021.2.3\plugins\maven\lib\maven3\bin\m2.conf -Dmaven.ext.class.path=C:\Program Files\JetBrains\IntelliJ IDEA Community Edition 2021.2.3\plugins\maven\lib\maven-event-listener.jar -javaagent:C:\Program Files\JetBrains\IntelliJ IDEA Community Edition 2021.2.3\lib\idea_rt.jar=64179:C:\Program Files\JetBrains\IntelliJ IDEA Community Edition 2021.2.3\bin -Dfile.encoding=UTF-8 org.codehaus.classworlds.Launcher -Didea.version=2021.2.3 test

Host: Intel(R) Core(TM) i5-8250U CPU @ 1.60GHz, 8 cores, 7G,  Windows 10 , 64 bit Build 19041 (10.0.19041.546)
Time: Mon Jun  6 19:27:02 2022 Hora estándar de Argentina elapsed time: 0.025802 seconds (0d 0h 0m 0s)

---------------  T H R E A D  ---------------

Current thread (0x000001c7565259d0):  JavaThread "Unknown thread" [_thread_in_vm, id=10324, stack(0x00000006a4000000,0x00000006a4100000)]

Stack: [0x00000006a4000000,0x00000006a4100000]
Native frames: (J=compiled Java code, j=interpreted, Vv=VM code, C=native code)
V  [jvm.dll+0x647e0a]
V  [jvm.dll+0x7f0549]
V  [jvm.dll+0x7f1cfe]
V  [jvm.dll+0x7f2343]
V  [jvm.dll+0x23dd88]
V  [jvm.dll+0x644b4a]
V  [jvm.dll+0x639795]
V  [jvm.dll+0x2f66f9]
V  [jvm.dll+0x2fd516]
V  [jvm.dll+0x34999a]
V  [jvm.dll+0x349bdf]
V  [jvm.dll+0x2cc918]
V  [jvm.dll+0x2cdb49]
V  [jvm.dll+0x7c4431]
V  [jvm.dll+0x356ee1]
V  [jvm.dll+0x7a30b0]
V  [jvm.dll+0x3d4c55]
V  [jvm.dll+0x3d69f1]
C  [jli.dll+0x5243]
C  [ucrtbase.dll+0x214c2]
C  [KERNEL32.DLL+0x17034]
C  [ntdll.dll+0x4cec1]


---------------  P R O C E S S  ---------------

Threads class SMR info:
_java_thread_list=0x00007ffd74b373d8, length=0, elements={
}

Java Threads: ( => current thread )

Other Threads:
  0x000001c756566480 GCTaskThread "GC Thread#0" [stack: 0x00000006a4100000,0x00000006a4200000] [id=11320]
  0x000001c7565781d0 ConcurrentGCThread "G1 Main Marker" [stack: 0x00000006a4200000,0x00000006a4300000] [id=9912]
  0x000001c756578c40 ConcurrentGCThread "G1 Conc#0" [stack: 0x00000006a4300000,0x00000006a4400000] [id=12108]

[error occurred during error reporting (printing all threads), id 0xc0000005, EXCEPTION_ACCESS_VIOLATION (0xc0000005) at pc=0x00007ffd742ae207]

VM state: not at safepoint (not fully initialized)

VM Mutex/Monitor currently owned by a thread:  ([mutex/lock_event])
[0x000001c7565215f0] Heap_lock - owner thread: 0x000001c7565259d0

Heap address: 0x0000000081800000, size: 2024 MB, Compressed Oops mode: 32-bit

CDS archive(s) mapped at: [0x0000000000000000-0x0000000000000000-0x0000000000000000), size 0, SharedBaseAddress: 0x0000000800000000, ArchiveRelocationMode: 0.
Narrow klass base: 0x0000000000000000, Narrow klass shift: 0, Narrow klass range: 0x0

GC Precious Log:
<Empty>

Heap:
 garbage-first heap   total 0K, used 0K [0x0000000081800000, 0x0000000100000000)
  region size 1024K, 0 young (0K), 0 survivors (0K)

[error occurred during error reporting (printing heap information), id 0xc0000005, EXCEPTION_ACCESS_VIOLATION (0xc0000005) at pc=0x00007ffd7466ff7d]

GC Heap History (0 events):
No events

Deoptimization events (0 events):
No events

Classes unloaded (0 events):
No events

Classes redefined (0 events):
No events

Internal exceptions (0 events):
No events

Events (1 events):
Event: 0.019 Loaded shared library C:\Users\celi_\.jdks\corretto-16.0.2\bin\java.dll


Dynamic libraries:
0x00007ff6013c0000 - 0x00007ff6013cd000 	C:\Users\celi_\.jdks\corretto-16.0.2\bin\java.exe
0x00007ffdb9210000 - 0x00007ffdb9406000 	C:\WINDOWS\SYSTEM32\ntdll.dll
0x00007ffdb7280000 - 0x00007ffdb733d000 	C:\WINDOWS\System32\KERNEL32.DLL
0x00007ffdb6b20000 - 0x00007ffdb6de8000 	C:\WINDOWS\System32\KERNELBASE.dll
0x00007ffdb6e20000 - 0x00007ffdb6f20000 	C:\WINDOWS\System32\ucrtbase.dll
0x00007ffd9e370000 - 0x00007ffd9e388000 	C:\Users\celi_\.jdks\corretto-16.0.2\bin\jli.dll
0x00007ffd9e350000 - 0x00007ffd9e365000 	C:\Users\celi_\.jdks\corretto-16.0.2\bin\VCRUNTIME140.dll
0x00007ffdb8fa0000 - 0x00007ffdb9140000 	C:\WINDOWS\System32\USER32.dll
0x00007ffd9c260000 - 0x00007ffd9c4fb000 	C:\WINDOWS\WinSxS\amd64_microsoft.windows.common-controls_6595b64144ccf1df_6.0.19041.488_none_ca04af081b815d21\COMCTL32.dll
0x00007ffdb6f20000 - 0x00007ffdb6f42000 	C:\WINDOWS\System32\win32u.dll
0x00007ffdb85d0000 - 0x00007ffdb866e000 	C:\WINDOWS\System32\msvcrt.dll
0x00007ffdb9140000 - 0x00007ffdb916a000 	C:\WINDOWS\System32\GDI32.dll
0x00007ffdb6a10000 - 0x00007ffdb6b19000 	C:\WINDOWS\System32\gdi32full.dll
0x00007ffdb71e0000 - 0x00007ffdb727d000 	C:\WINDOWS\System32\msvcp_win.dll
0x00007ffdb8e80000 - 0x00007ffdb8eb0000 	C:\WINDOWS\System32\IMM32.DLL
0x00007ffd825c0000 - 0x00007ffd8265b000 	C:\Users\celi_\.jdks\corretto-16.0.2\bin\msvcp140.dll
0x00007ffd73fd0000 - 0x00007ffd74bd9000 	C:\Users\celi_\.jdks\corretto-16.0.2\bin\server\jvm.dll
0x00007ffdb8c40000 - 0x00007ffdb8cea000 	C:\WINDOWS\System32\ADVAPI32.dll
0x00007ffdb7b30000 - 0x00007ffdb7bcb000 	C:\WINDOWS\System32\sechost.dll
0x00007ffdb8790000 - 0x00007ffdb88b4000 	C:\WINDOWS\System32\RPCRT4.dll
0x00007ffdb81b0000 - 0x00007ffdb81b8000 	C:\WINDOWS\System32\PSAPI.DLL
0x00007ffdacc90000 - 0x00007ffdacc9a000 	C:\WINDOWS\SYSTEM32\VERSION.dll
0x00007ffd9a6d0000 - 0x00007ffd9a6d9000 	C:\WINDOWS\SYSTEM32\WSOCK32.dll
0x00007ffdafbb0000 - 0x00007ffdafbd7000 	C:\WINDOWS\SYSTEM32\WINMM.dll
0x00007ffdb8270000 - 0x00007ffdb82db000 	C:\WINDOWS\System32\WS2_32.dll
0x00007ffdb5250000 - 0x00007ffdb5262000 	C:\WINDOWS\SYSTEM32\kernel.appcore.dll
0x00007ffdb2140000 - 0x00007ffdb214a000 	C:\Users\celi_\.jdks\corretto-16.0.2\bin\jimage.dll
0x00007ffdb4f10000 - 0x00007ffdb50f4000 	C:\WINDOWS\SYSTEM32\DBGHELP.DLL
0x00007ffd97ef0000 - 0x00007ffd97f1c000 	C:\WINDOWS\SYSTEM32\dbgcore.DLL
0x00007ffdb6fb0000 - 0x00007ffdb702f000 	C:\WINDOWS\System32\bcryptPrimitives.dll
0x00007ffdb2020000 - 0x00007ffdb202e000 	C:\Users\celi_\.jdks\corretto-16.0.2\bin\instrument.dll
0x00007ffd9dee0000 - 0x00007ffd9df05000 	C:\Users\celi_\.jdks\corretto-16.0.2\bin\java.dll

dbghelp: loaded successfully - version: 4.0.5 - missing functions: none
symbol engine: initialized successfully - sym options: 0x614 - pdb path: .;C:\Users\celi_\.jdks\corretto-16.0.2\bin;C:\WINDOWS\SYSTEM32;C:\WINDOWS\WinSxS\amd64_microsoft.windows.common-controls_6595b64144ccf1df_6.0.19041.488_none_ca04af081b815d21;C:\Users\celi_\.jdks\corretto-16.0.2\bin\server

VM Arguments:
jvm_args: -Dmaven.multiModuleProjectDirectory=C:\Users\celi_\Documents\EjerciciosBack\Clase18S-PacientesDomicilioMaven -Dmaven.home=C:\Program Files\JetBrains\IntelliJ IDEA Community Edition 2021.2.3\plugins\maven\lib\maven3 -Dclassworlds.conf=C:\Program Files\JetBrains\IntelliJ IDEA Community Edition 2021.2.3\plugins\maven\lib\maven3\bin\m2.conf -Dmaven.ext.class.path=C:\Program Files\JetBrains\IntelliJ IDEA Community Edition 2021.2.3\plugins\maven\lib\maven-event-listener.jar -javaagent:C:\Program Files\JetBrains\IntelliJ IDEA Community Edition 2021.2.3\lib\idea_rt.jar=64179:C:\Program Files\JetBrains\IntelliJ IDEA Community Edition 2021.2.3\bin -Dfile.encoding=UTF-8 
java_command: org.codehaus.classworlds.Launcher -Didea.version=2021.2.3 test
java_class_path (initial): C:\Program Files\JetBrains\IntelliJ IDEA Community Edition 2021.2.3\plugins\maven\lib\maven3\boot\plexus-classworlds-2.6.0.jar;C:\Program Files\JetBrains\IntelliJ IDEA Community Edition 2021.2.3\plugins\maven\lib\maven3\boot\plexus-classworlds.license
Launcher Type: SUN_STANDARD

[Global flags]
     intx CICompilerCount                          = 4                                         {product} {ergonomic}
     uint ConcGCThreads                            = 2                                         {product} {ergonomic}
     uint G1ConcRefinementThreads                  = 8                                         {product} {ergonomic}
   size_t G1HeapRegionSize                         = 1048576                                   {product} {ergonomic}
    uintx GCDrainStackTargetSize                   = 64                                        {product} {ergonomic}
   size_t InitialHeapSize                          = 134217728                                 {product} {ergonomic}
   size_t MarkStackSize                            = 4194304                                   {product} {ergonomic}
   size_t MaxHeapSize                              = 2122317824                                {product} {ergonomic}
   size_t MinHeapDeltaBytes                        = 1048576                                   {product} {ergonomic}
   size_t MinHeapSize                              = 8388608                                   {product} {ergonomic}
    uintx NonNMethodCodeHeapSize                   = 5839372                                {pd product} {ergonomic}
    uintx NonProfiledCodeHeapSize                  = 122909434                              {pd product} {ergonomic}
    uintx ProfiledCodeHeapSize                     = 122909434                              {pd product} {ergonomic}
    uintx ReservedCodeCacheSize                    = 251658240                              {pd product} {ergonomic}
     bool SegmentedCodeCache                       = true                                      {product} {ergonomic}
   size_t SoftMaxHeapSize                          = 2122317824                             {manageable} {ergonomic}
     bool UseCompressedClassPointers               = true                           {product lp64_product} {ergonomic}
     bool UseCompressedOops                        = true                           {product lp64_product} {ergonomic}
     bool UseG1GC                                  = true                                      {product} {ergonomic}
     bool UseLargePagesIndividualAllocation        = false                                  {pd product} {ergonomic}

Logging:
Log output configuration:
 #0: stdout all=warning uptime,level,tags
 #1: stderr all=off uptime,level,tags

Environment Variables:
PATH=C:\Program Files\Common Files\Oracle\Java\javapath;C:\Python39\Scripts\;C:\Python39\;C:\WINDOWS\system32;C:\WINDOWS;C:\WINDOWS\System32\Wbem;C:\WINDOWS\System32\WindowsPowerShell\v1.0\;C:\WINDOWS\System32\OpenSSH\;C:\Program Files (x86)\Intel\Intel(R) Management Engine Components\DAL;C:\Program Files\Intel\Intel(R) Management Engine Components\DAL;C:\Program Files\nodejs\;C:\ProgramData\chocolatey\bin;C:\Program Files\Git\cmd;C:\HashiCorp\Vagrant\bin;C:\Program Files\PuTTY\;C:\Program Files\Docker\Docker\resources\bin;C:\ProgramData\DockerDesktop\version-bin;C:\Program Files\dotnet\;C:\Users\celi_\AppData\Local\Microsoft\WindowsApps;C:\Users\celi_\AppData\Roaming\npm;C:\Users\celi_\AppData\Local\Programs\Microsoft VS Code\bin;C:\Program Files\JetBrains\IntelliJ IDEA Community Edition 2021.2.3\bin;
USERNAME=celi_
OS=Windows_NT
PROCESSOR_IDENTIFIER=Intel64 Family 6 Model 142 Stepping 10, GenuineIntel



---------------  S Y S T E M  ---------------

OS:
 Windows 10 , 64 bit Build 19041 (10.0.19041.546)
OS uptime: 0 days 4:33 hours
Hyper-V role detected

CPU: total 8 (initial active 8) (4 cores per cpu, 2 threads per core) family 6 model 142 stepping 10 microcode 0xb4, cx8, cmov, fxsr, ht, mmx, 3dnowpref, sse, sse2, sse3, ssse3, sse4.1, sse4.2, popcnt, lzcnt, tsc, tscinvbit, avx, avx2, aes, erms, clmul, bmi1, bmi2, adx, fma, vzeroupper, clflush, clflushopt, hv

Memory: 4k page, system-wide physical 8089M (619M free)
TotalPageFile size 11903M (AvailPageFile size 98M)
current process WorkingSet (physical memory assigned to process): 10M, peak: 10M
current process commit charge ("private bytes"): 60M, peak: 188M

vm_info: OpenJDK 64-Bit Server VM (16.0.2+7) for windows-amd64 JRE (16.0.2+7), built on Jul 22 2021 01:11:46 by "Administrator" with MS VC++ 15.9 (VS2017)

END.
